[BootStrap]
File1=1,,setup1.ex_,setup1.exe,$(WinPath),,,3/5/1997 18:11:36,165376,5.0.0.3905,"","",""
File2=1,,VB5StKit.dl_,VB5StKit.dll,$(WinSysPath),,$(Shared),1/16/1997 1:00:00,29696,5.0.37.16,"","",""
File3=1,,MSVBVM50.dl_,MSVBVM50.dll,$(WinSysPathSysFile),$(DLLSelfRegister),,7/19/1997 16:55:40,1347344,5.1.43.19,"","",""
File4=1,,StdOle2.tl_,StdOle2.tlb,$(WinSysPathSysFile),$(TLBRegister),,5/19/1997 9:08:12,16896,2.20.4118.1,"","",""
File5=1,,OleAut32.dl_,OleAut32.dll,$(WinSysPathSysFile),$(DLLSelfRegister),,5/19/1997 9:08:12,492304,2.20.4118.1,"","",""
File6=1,SPLIT,OlePro32.dl1,OlePro32.dll,$(WinSysPathSysFile),$(DLLSelfRegister),,5/19/1997 9:08:12,114960,5.0.4118.1,"","",""
File7=2,,OlePro32.dl2,OlePro32.dll
File8=2,,AsycFilt.dl_,AsycFilt.dll,$(WinSysPathSysFile),,,5/19/1997 9:08:10,118544,2.20.4118.1,"","",""
File9=2,,Ctl3d32.dl_,Ctl3d32.dll,$(WinSysPathSysFile),,,8/21/1996 1:00:00,27136,2.31.0.0,"","",""
File10=2,,ComCat.dl_,ComCat.dll,$(WinSysPathSysFile),$(DLLSelfRegister),,10/31/1996 1:00:00,22288,4.71.1441.1,"","",""
[Files]
File1=2,,DAO350.DL_,DAO350.DLL,$(MSDAOPath),$(DLLSelfRegister),$(Shared),12/2/1996 19:44:28,582144,3.50.3602.0,"","",""
File2=2,,MSJtEr35.dl_,MSJtEr35.dll,$(WinSysPathSysFile),,,6/23/1997 1:06:50,24848,3.51.623.0,"","",""
File3=2,,MSJInt35.dl_,MSJInt35.dll,$(WinSysPathSysFile),,,6/23/1997 1:06:50,123664,3.51.623.0,"","",""
File4=2,,MSVCRT40.dl_,MSVCRT40.dll,$(WinSysPathSysFile),,,7/31/1996 1:00:00,326656,4.10.0.6038,"","",""
File5=2,,DBGRID32.OC_,DBGRID32.OCX,$(WinSysPath),$(DLLSelfRegister),$(Shared),9/25/1997 15:18:12,520192,5.1.45.25,"","",""
File6=2,,mswinsck.oc_,mswinsck.ocx,$(WinSysPath),$(DLLSelfRegister),$(Shared),7/19/1997 17:01:04,106768,5.1.43.19,"","",""
File7=2,SPLIT,AXDist.ex1,AXDist.exe,$(WinSysPath),,$(Shared),10/24/1996 1:00:00,803680,4.71.30.1,"","",""
File8=3,,AXDist.ex2,AXDist.exe
File9=3,,MSJet35.dl_,MSJet35.dll,$(WinSysPathSysFile),$(DLLSelfRegister),,7/21/1997 8:30:54,1045776,3.51.623.4,"","",""
File10=3,,VBAJet32.dl_,VBAJet32.dll,$(WinSysPathSysFile),,,1/22/1997 16:47:26,18192,5.0.0.7122,"","",""
File11=3,,VB5DB.dl_,VB5DB.dll,$(WinSysPath),,$(Shared),1/24/1997 1:00:00,78608,5.0.37.24,"","",""
File12=3,,MSRD2x35.dl_,MSRD2x35.dll,$(WinSysPathSysFile),$(DLLSelfRegister),,6/23/1997 1:06:50,252176,3.51.623.0,"","",""
File13=3,SPLIT,MsRepl35.dl1,MsRepl35.dll,$(WinSysPathSysFile),,,6/23/1997 1:06:50,407312,3.51.623.0,"","",""
File14=4,,MsRepl35.dl2,MsRepl35.dll
File15=4,,ODBCJt32.dl_,ODBCJt32.dll,$(WinSysPathSysFile),,,10/29/1997 9:56:16,246784,3.51.1029.0,"","",""
File16=4,,ODBCJI32.dl_,ODBCJI32.dll,$(WinSysPathSysFile),,,10/29/1997 9:49:14,37888,3.51.1029.0,"","",""
File17=4,,ODBCTL32.dl_,ODBCTL32.dll,$(WinSysPathSysFile),,,10/29/1997 9:48:58,73216,3.51.1029.0,"","",""
File18=4,,DmvHost.ex_,DmvHost.exe,$(AppPath),,,6/30/1999 13:29:47,48640,1.0.0.0,"","DmvHost","$(AppPath)\DmvHost.exe"
File19=4,,DmvDemo.md_,DmvDemo.mdb,$(AppPath),,,6/29/1999 10:43:05,98304,,"","",""
File20=4,,Tbmp000a.bi_,Tbmp000a.bin,$(AppPath),,,6/27/1999 19:40:26,0,,"","",""
File21=4,,DCAT4.BM_,DCAT4.BMP,$(AppPath),,,6/12/1999 16:12:54,3062,,"","",""
File22=4,,Default.bm_,Default.bmp,$(AppPath),,,5/31/1999 13:27:38,3062,,"","",""
File23=4,,DEFAULT.RC_,DEFAULT.RCP,$(AppPath),,,6/27/1999 17:15:22,381,,"","",""
File24=4,,DEFAULT.RE_,DEFAULT.RES,$(AppPath),,,6/27/1999 17:15:38,412,,"","",""
File25=4,,DOIT.BA_,DOIT.BAT,$(AppPath),,,6/12/1999 13:39:36,55,,"","",""
File26=4,,HalfTone.tx_,HalfTone.txt,$(AppPath),,,6/14/1999 22:12:52,3509,,"","",""
File27=4,,Image1.bm_,Image1.bmp,$(AppPath),,,6/11/1999 20:19:10,3062,,"","",""
File28=4,,Image2.bm_,Image2.bmp,$(AppPath),,,6/11/1999 20:19:22,3062,,"","",""
File29=4,,Image3.bm_,Image3.bmp,$(AppPath),,,6/11/1999 20:20:26,3062,,"","",""
File30=4,,Image4.bm_,Image4.bmp,$(AppPath),,,6/11/1999 20:20:38,3062,,"","",""
File31=4,,Image5.bm_,Image5.bmp,$(AppPath),,,6/11/1999 20:20:50,3062,,"","",""
File32=4,,Image6.bm_,Image6.bmp,$(AppPath),,,6/11/1999 20:21:00,3062,,"","",""
File33=4,,Image8.bm_,Image8.bmp,$(AppPath),,,6/11/1999 20:21:18,3062,,"","",""
File34=4,,MyVan3.bm_,MyVan3.bmp,$(AppPath),,,6/11/1999 19:26:04,3064,,"","",""
File35=4,,MyVan4.bm_,MyVan4.bmp,$(AppPath),,,6/1/1999 23:04:46,12118,,"","",""
File36=4,,Tbmp0000.bi_,Tbmp0000.bin,$(AppPath),,,6/27/1999 17:15:38,3016,,"","",""
File37=4,,Tbmp0001.bi_,Tbmp0001.bin,$(AppPath),,,6/27/1999 17:15:38,3016,,"","",""
File38=4,,Tbmp0002.bi_,Tbmp0002.bin,$(AppPath),,,6/27/1999 17:15:38,3016,,"","",""
File39=4,,Tbmp0003.bi_,Tbmp0003.bin,$(AppPath),,,6/27/1999 17:15:38,3016,,"","",""
File40=4,,Tbmp0004.bi_,Tbmp0004.bin,$(AppPath),,,6/27/1999 17:15:38,3016,,"","",""
File41=4,,Tbmp0005.bi_,Tbmp0005.bin,$(AppPath),,,6/27/1999 17:15:38,3016,,"","",""
File42=4,,Tbmp0006.bi_,Tbmp0006.bin,$(AppPath),,,6/27/1999 17:15:38,3016,,"","",""
File43=4,,Tbmp0008.bi_,Tbmp0008.bin,$(AppPath),,,6/27/1999 17:15:38,3016,,"","",""
File44=4,,Tbmp0009.bi_,Tbmp0009.bin,$(AppPath),,,6/27/1999 17:15:38,3016,,"","",""
File45=4,,ConvBmp.tx_,ConvBmp.txt,$(AppPath),,,6/17/1999 9:52:56,1281,,"","",""
File46=4,,Tbmp000c.bi_,Tbmp000c.bin,$(AppPath),,,6/27/1999 17:15:38,6016,,"","",""

[Setup]
Title=DmvHost
DefProgramGroup=DmvHost
DefaultDir=$(ProgramFiles)\DmvHost
Setup=setup1.exe
AppExe=DmvHost.exe
AppToUninstall=DmvHost.exe
AppPath=

; The following lines may be deleted in order to obtain extra 
; space for customizing this file on a full installation diskette.
; 
; XXXXXXXXXXXXXXXXXXXXXXXXXXXXXXXXXXXXXXXXXXXXXXXXXXXXXXXXXXXX
; XXXXXXXXXXXXXXXXXXXXXXXXXXXXXXXXXXXXXXXXXXXXXXXXXXXXXXXXXXXX
; XXXXXXXXXXXXXXXXXXXXXXXXXXXXXXXXXXXXXXXXXXXXXXXXXXXXXXXXXXXX
; XXXXXXXXXXXXXXXXXXXXXXXXXXXXXXXXXXXXXXXXXXXXXXXXXXXXXXXXXXXX
; XXXXXXXXXXXXXXXXXXXXXXXXXXXXXXXXXXXXXXXXXXXXXXXXXXXXXXXXXXXX
; XXXXXXXXXXXXXXXXXXXXXXXXXXXXXXXXXXXXXXXXXXXXXXXXXXXXXXXXXXXX
; XXXXXXXXXXXXXXXXXXXXXXXXXXXXXXXXXXXXXXXXXXXXXXXXXXXXXXXXXXXX
; XXXXXXXXXXXXXXXXXXXXXXXXXXXXXXXXXXXXXXXXXXXXXXXXXXXXXXXXXXXX
; XXXXXXXXXXXXXXXXXXXXXXXXXXXXXXXXXXXXXXXXXXXXXXXXXXXXXXXXXXXX
; XXXXXXXXXXXXXXXXXXXXXXXXXXXXXXXXXXXXXXXXXXXXXXXXXXXXXXXXXXXX
; XXXXXXXXXXXXXXXXXXXXXXXXXXXXXXXXXXXXXXXXXXXXXXXXXXXXXXXXXXXX
; XXXXXXXXXXXXXXXXXXXXXXXXXXXXXXXXXXXXXXXXXXXXXXXXXXXXXXXXXXXX
; XXXXXXXXXXXXXXXXXXXXXXXXXXXXXXXXXXXXXXXXXXXXXXXXXXXXXXXXXXXX
; XXXXXXXXXXXXXXXXXXXXXXXXXXXXXXXXXXXXXXXXXXXXXXXXXXXXXXXXXXXX
; XXXXXXXXXXXXXXXXXXXXXXXXXXXXXXXXXXXXXXXXXXXXXXXXXXXXXXXXXXXX
; XXXXXXXXXXXXXXXXXXXXXXXXXXXXXXXXXXXXXXXXXXXXXXXXXXXXXXXXXXXX
; XXXXXXXXXXXXXXXXXXXXXXXXXXXXXXXXXXXXXXXXXXXXXXXXXXXXXXXXXXXX
; XXXXXXXXXXXXXXXXXXXXXXXXXXXXXXXXXXXXXXXXXXXXXXXXXXXXXXXXXXXX
; XXXXXXXXXXXXXXXXXXXXXXXXXXXXXXXXXXXXXXXXXXXXXXXXXXXXXXXXXXXX
; XXXXXXXXXXXXXXXXXXXXXXXXXXXXXXXXXXXXXXXXXXXXXXXXXXXXXXXXXXXX
; XXXXXXXXXXXXXXXXXXXXXXXXXXXXXXXXXXXXXXXXXXXXXXXXXXXXXXXXXXXX
; XXXXXXXXXXXXXXXXXXXXXXXXXXXXXXXXXXXXXXXXXXXXXXXXXXXXXXXXXXXX
; XXXXXXXXXXXXXXXXXXXXXXXXXXXXXXXXXXXXXXXXXXXXXXXXXXXXXXXXXXXX
; XXXXXXXXXXXXXXXXXXXXXXXXXXXXXXXXXXXXXXXXXXXXXXXXXXXXXXXXXXXX
; XXXXXXXXXXXXXXXXXXXXXXXXXXXXXXXXXXXXXXXXXXXXXXXXXXXXXXXXXXXX
; XXXXXXXXXXXXXXXXXXXXXXXXXXXXXXXXXXXXXXXXXXXXXXXXXXXXXXXXXXXX
; XXXXXXXXXXXXXXXXXXXXXXXXXXXXXXXXXXXXXXXXXXXXXXXXXXXXXXXXXXXX
; XXXXXXXXXXXXXXXXXXXXXXXXXXXXXXXXXXXXXXXXXXXXXXXXXXXXXXXXXXXX
; XXXXXXXXXXXXXXXXXXXXXXXXXXXXXXXXXXXXXXXXXXXXXXXXXXXXXXXXXXXX
; XXXXXXXXXXXXXXXXXXXXXXXXXXXXXXXXXXXXXXXXXXXXXXXXXXXXXXXXXXXX
; XXXXXXXXXXXXXXXXXXXXXXXXXXXXXXXXXXXXXXXXXXXXXXXXXXXXXXXXXXXX
; XXXXXXXXXXXXXXXXXXXXXXXXXXXXXXXXXXXXXXXXXXXXXXXXXXXXXXXXXXXX
; XXXXXXXXXXXXXXXXXXXXXXXXXXXXXXXXXXXXXXXXXXXXXXXXXXXXXXXXXXXX
; XXXXXXXXXXXXXXXXXXXXXXXXXXXXXXXXXXXXXXXXXXXXXXXXXXXXXXXXXXXX
; XXXXXXXXXXXXXXXXXXXXXXXXXXXXXXXXXXXXXXXXXXXXXXXXXXXXXXXXXXXX
; XXXXXXXXXXXXXXXXXXXXXXXXXXXXXXXXXXXXXXXXXXXXXXXXXXXXXXXXXXXX
; XXXXXXXXXXXXXXXXXXXXXXXXXXXXXXXXXXXXXXXXXXXXXXXXXXXXXXXXXXXX
; XXXXXXXXXXXXXXXXXXXXXXXXXXXXXXXXXXXXXXXXXXXXXXXXXXXXXXXXXXXX
; XXXXXXXXXXXXXXXXXXXXXXXXXXXXXXXXXXXXXXXXXXXXXXXXXXXXXXXXXXXX
; XXXXXXXXXXXXXXXXXXXXXXXXXXXXXXXXXXXXXXXXXXXXXXXXXXXXXXXXXXXX
; XXXXXXXXXXXXXXXXXXXXXXXXXXXXXXXXXXXXXXXXXXXXXXXXXXXXXXXXXXXX
; XXXXXXXXXXXXXXXXXXXXXXXXXXXXXXXXXXXXXXXXXXXXXXXXXXXXXXXXXXXX
; XXXXXXXXXXXXXXXXXXXXXXXXXXXXXXXXXXXXXXXXXXXXXXXXXXXXXXXXXXXX
; XXXXXXXXXXXXXXXXXXXXXXXXXXXXXXXXXXXXXXXXXXXXXXXXXXXXXXXXXXXX
; XXXXXXXXXXXXXXXXXXXXXXXXXXXXXXXXXXXXXXXXXXXXXXXXXXXXXXXXXXXX
; XXXXXXXXXXXXXXXXXXXXXXXXXXXXXXXXXXXXXXXXXXXXXXXXXXXXXXXXXXXX
; XXXXXXXXXXXXXXXXXXXXXXXXXXXXXXXXXXXXXXXXXXXXXXXXXXXXXXXXXXXX
; XXXXXXXXXXXXXXXXXXXXXXXXXXXXXXXXXXXXXXXXXXXXXXXXXXXXXXXXXXXX
; XXXXXXXXXXXXXXXXXXXXXXXXXXXXXXXXXXXXXXXXXXXXXXXXXXXXXXXXXXXX
; XXXXXXXXXXXXXXXXXXXXXXXXXXXXXXXXXXXXXXXXXXXXXXXXXXXXXXXXXXXX
; XXXXXXXXXXXXXXXXXXXXXXXXXXXXXXXXXXXXXXXXXXXXXXXXXXXXXXXXXXXX
; XXXXXXXXXXXXXXXXXXXXXXXXXXXXXXXXXXXXXXXXXXXXXXXXXXXXXXXXXXXX
; XXXXXXXXXXXXXXXXXXXXXXXXXXXXXXXXXXXXXXXXXXXXXXXXXXXXXXXXXXXX
; XXXXXXXXXXXXXXXXXXXXXXXXXXXXXXXXXXXXXXXXXXXXXXXXXXXXXXXXXXXX
; XXXXXXXXXXXXXXXXXXXXXXXXXXXXXXXXXXXXXXXXXXXXXXXXXXXXXXXXXXXX
; XXXXXXXXXXXXXXXXXXXXXXXXXXXXXXXXXXXXXXXXXXXXXXXXXXXXXXXXXXXX
; XXXXXXXXXXXXXXXXXXXXXXXXXXXXXXXXXXXXXXXXXXXXXXXXXXXXXXXXXXXX
; XXXXXXXXXXXXXXXXXXXXXXXXXXXXXXXXXXXXXXXXXXXXXXXXXXXXXXXXXXXX
; XXXXXXXXXXXXXXXXXXXXXXXXXXXXXXXXXXXXXXXXXXXXXXXXXXXXXXXXXXXX
; XXXXXXXXXXXXXXXXXXXXXXXXXXXXXXXXXXXXXXXXXXXXXXXXXXXXXXXXXXXX
; XXXXXXXXXXXXXXXXXXXXXXXXXXXXXXXXXXXXXXXXXXXXXXXXXXXXXXXXXXXX
; XXXXXXXXXXXXXXXXXXXXXXXXXXXXXXXXXXXXXXXXXXXXXXXXXXXXXXXXXXXX
; XXXXXXXXXXXXXXXXXXXXXXXXXXXXXXXXXXXXXXXXXXXXXXXXXXXXXXXXXXXX
; XXXXXXXXXXXXXXXXXXXXXXXXXXXXXXXXXXXXXXXXXXXXXXXXXXXXXXXXXXXX
; XXXXXXXXXXXXXXXXXXXXXXXXXXXXXXXXXXXXXXXXXXXXXXXXXXXXXXXXXXXX
; XXXXXXXXXXXXXXXXXXXXXXXXXXXXXXXXXXXXXXXXXXXXXXXXXXXXXXXXXXXX
; XXXXXXXXXXXXXXXXXXXXXXXXXXXXXXXXXXXXXXXXXXXXXXXXXXXXXXXXXXXX
; XXXXXXXXXXXXXXXXXXXXXXXXXXXXXXXXXXXXXXXXXXXXXXXXXXXXXXXXXXXX
; XXXXXXXXXXXXXXXXXXXXXXXXXXXXXXXXXXXXXXXXXXXXXXXXXXXXXXXXXXXX
; XXXXXXXXXXXXXXXXXXXXXXXXXXXXXXXXXXXXXXXXXXXXXXXXXXXXXXXXXXXX
; XXXXXXXXXXXXXXXXXXXXXXXXXXXXXXXXXXXXXXXXXXXXXXXXXXXXXXXXXXXX
; XXXXXXXXXXXXXXXXXXXXXXXXXXXXXXXXXXXXXXXXXXXXXXXXXXXXXXXXXXXX
; XXXXXXXXXXXXXXXXXXXXXXXXXXXXXXXXXXXXXXXXXXXXXXXXXXXXXXXXXXXX
; XXXXXXXXXXXXXXXXXXXXXXXXXXXXXXXXXXXXXXXXXXXXXXXXXXXXXXXXXXXX
; XXXXXXXXXXXXXXXXXXXXXXXXXXXXXXXXXXXXXXXXXXXXXXXXXXXXXXXXXXXX
; XXXXXXXXXXXXXXXXXXXXXXXXXXXXXXXXXXXXXXXXXXXXXXXXXXXXXXXXXXXX
; XXXXXXXXXXXXXXXXXXXXXXXXXXXXXXXXXXXXXXXXXXXXXXXXXXXXXXXXXXXX
; XXXXXXXXXXXXXXXXXXXXXXXXXXXXXXXXXXXXXXXXXXXXXXXXXXXXXXXXXXXX
; XXXXXXXXXXXXXXXXXXXXXXXXXXXXXXXXXXXXXXXXXXXXXXXXXXXXXXXXXXXX
; XXXXXXXXXXXXXXXXXXXXXXXXXXXXXXXXXXXXXXXXXXXXXXXXXXXXXXXXXXXX
; XXXXXXXXXXXXXXXXXXXXXXXXXXXXXXXXXXXXXXXXXXXXXXXXXXXXXXXXXXXX
; XXXXXXXXXXXXXXXXXXXXXXXXXXXXXXXXXXXXXXXXXXXXXXXXXXXXXXXXXXXX
; XXXXXXXXXXXXXXXXXXXXXXXXXXXXXXXXXXXXXXXXXXXXXXXXXXXXXXXXXXXX
; XXXXXXXXXXXXXXXXXXXXXXXXXXXXXXXXXXXXXXXXXXXXXXXXXXXXXXXXXXXX
; XXXXXXXXXXXXXXXXXXXXXXXXXXXXXXXXXXXXXXXXXXXXXXXXXXXXXXXXXXXX
; XXXXXXXXXXXXXXXXXXXXXXXXXXXXXXXXXXXXXXXXXXXXXXXXXXXXXXXXXXXX
